{"C:\\Users\\sanja\\OneDrive\\Documents\\Namaste React\\Time for Test\\src\\components\\contacts.js": {"path":"C:\\Users\\sanja\\OneDrive\\Documents\\Namaste React\\Time for Test\\src\\components\\contacts.js","statementMap":{"0":{"start":{"line":2,"column":17},"end":{"line":23,"column":1}},"1":{"start":{"line":3,"column":2},"end":{"line":22,"column":4}}},"fnMap":{"0":{"name":"(anonymous_0)","decl":{"start":{"line":2,"column":17},"end":{"line":2,"column":18}},"loc":{"start":{"line":2,"column":23},"end":{"line":23,"column":1}},"line":2}},"branchMap":{},"s":{"0":1,"1":0},"f":{"0":0},"b":{},"_coverageSchema":"1a1c01bbd47fc00a2c39e90264f33305004495a9","hash":"c9e9804b8937eefcf4c14bb847ba71f7a6fce45e"}
,"C:\\Users\\sanja\\OneDrive\\Documents\\Namaste React\\Time for Test\\src\\components\\sum.js": {"path":"C:\\Users\\sanja\\OneDrive\\Documents\\Namaste React\\Time for Test\\src\\components\\sum.js","statementMap":{"0":{"start":{"line":1,"column":19},"end":{"line":3,"column":1}},"1":{"start":{"line":2,"column":2},"end":{"line":2,"column":15}}},"fnMap":{"0":{"name":"(anonymous_0)","decl":{"start":{"line":1,"column":19},"end":{"line":1,"column":20}},"loc":{"start":{"line":1,"column":29},"end":{"line":3,"column":1}},"line":1}},"branchMap":{},"s":{"0":1,"1":1},"f":{"0":1},"b":{},"_coverageSchema":"1a1c01bbd47fc00a2c39e90264f33305004495a9","hash":"470ab6d29c22d1115abe66d6f79a4cb75839c5b2"}
}
